-- Found ament_cmake: 1.3.8 (/opt/ros/humble/share/ament_cmake/cmake)
-- Found rclcpp: 16.0.8 (/opt/ros/humble/share/rclcpp/cmake)
-- Found rosidl_generator_c: 3.1.5 (/opt/ros/humble/share/rosidl_generator_c/cmake)
-- Found rosidl_adapter: 3.1.5 (/opt/ros/humble/share/rosidl_adapter/cmake)
-- Found rosidl_generator_cpp: 3.1.5 (/opt/ros/humble/share/rosidl_generator_cpp/cmake)
-- Using all available rosidl_typesupport_c: rosidl_typesupport_fastrtps_c;rosidl_typesupport_introspection_c
-- Using all available rosidl_typesupport_cpp: rosidl_typesupport_fastrtps_cpp;rosidl_typesupport_introspection_cpp
-- Found rmw_implementation_cmake: 6.1.1 (/opt/ros/humble/share/rmw_implementation_cmake/cmake)
-- Found rmw_fastrtps_cpp: 6.2.6 (/opt/ros/humble/share/rmw_fastrtps_cpp/cmake)
-- Using RMW implementation 'rmw_fastrtps_cpp' as default
-- Found example_interfaces: 0.9.3 (/opt/ros/humble/share/example_interfaces/cmake)
-- Found ament_lint_auto: 0.12.10 (/opt/ros/humble/share/ament_lint_auto/cmake)
-- Added test 'cppcheck' to perform static code analysis on C / C++ code
-- Configured cppcheck include dirs: 
-- Configured cppcheck exclude dirs and/or files: 
-- Added test 'lint_cmake' to check CMake code style
-- Added test 'uncrustify' to check C / C++ code style
-- Configured uncrustify additional arguments: 
-- Added test 'xmllint' to check XML markup files
-- Configuring done
-- Generating done
-- Build files have been written to: /home/max/ros2fish/chapt3_service/chapt3_service_ws/build/example_service_rclcpp
[35m[1mConsolidate compiler generated dependencies of target service_client_01[0m
[35m[1mConsolidate compiler generated dependencies of target service_server_01[0m
[ 25%] [32mBuilding CXX object CMakeFiles/service_client_01.dir/src/service_client_01.cpp.o[0m
[ 50%] [32mBuilding CXX object CMakeFiles/service_server_01.dir/src/service_server_01.cpp.o[0m
[01m[K/home/max/ros2fish/chapt3_service/chapt3_service_ws/src/example_service_rclcpp/src/service_server_01.cpp:[m[K In constructor â€˜[01m[KServiceServer01::ServiceServer01(std::string)[m[Kâ€™:
[01m[K/home/max/ros2fish/chapt3_service/chapt3_service_ws/src/example_service_rclcpp/src/service_server_01.cpp:17:9:[m[K [01;31m[Kerror: [m[Kâ€˜[01m[Kadd_ints_server[m[Kâ€™ was not declared in this scope; did you mean â€˜[01m[Kadd_ints_server_[m[Kâ€™?
   17 |         [01;31m[Kadd_ints_server[m[K = this->create_service<example_interfaces::srv::AddTwoInts>(
      |         [01;31m[K^~~~~~~~~~~~~~~[m[K
      |         [32m[Kadd_ints_server_[m[K
[ 75%] [32m[1mLinking CXX executable service_client_01[0m
[ 75%] Built target service_client_01
gmake[2]: *** [CMakeFiles/service_server_01.dir/build.make:76ï¼šCMakeFiles/service_server_01.dir/src/service_server_01.cpp.o] é”™è¯¯ 1
gmake[1]: *** [CMakeFiles/Makefile2:139ï¼šCMakeFiles/service_server_01.dir/all] é”™è¯¯ 2
gmake: *** [Makefile:146ï¼šall] é”™è¯¯ 2
